

*******************************************************************************
Wed Jun 26 13:52:19 2024


FIT:    data read from 'Out.ErrorPlot.txt' using 1:2
        format = x:z
        #datapoints = 24
        residuals are weighted equally (unit weight)

function used for fitting: f(x)
	f(N) = a / sqrt(N)
fitted parameters initialized with current variable values

iter      chisq       delta/lim  lambda   a            
   0 3.6871842654e-02   0.00e+00  4.50e-02    1.000000e+00
   4 6.2025265820e-07  -8.54e-11  4.50e-02    1.280797e-01

After 4 iterations the fit converged.
final sum of squares of residuals : 6.20253e-07
rel. change during last iteration : -8.53516e-16

degrees of freedom    (FIT_NDF)                        : 23
rms of residuals      (FIT_STDFIT) = sqrt(WSSR/ndf)    : 0.000164218
variance of residuals (reduced chisquare) = WSSR/ndf   : 2.69675e-08

Final set of parameters            Asymptotic Standard Error
=======================            ==========================
a               = 0.12808          +/- 0.0007457    (0.5822%)


*******************************************************************************
Wed Jun 26 13:53:47 2024


FIT:    data read from 'Out.ErrorPlot.txt' using 1:2
        format = x:z
        #datapoints = 24
        residuals are weighted equally (unit weight)

function used for fitting: f(x)
	f(N) = a / sqrt(N)
fitted parameters initialized with current variable values

iter      chisq       delta/lim  lambda   a            
   0 3.6674746825e-02   0.00e+00  4.50e-02    1.000000e+00
   4 5.9321247281e-07  -7.14e-11  4.50e-06    1.304130e-01

After 4 iterations the fit converged.
final sum of squares of residuals : 5.93212e-07
rel. change during last iteration : -7.13937e-16

degrees of freedom    (FIT_NDF)                        : 23
rms of residuals      (FIT_STDFIT) = sqrt(WSSR/ndf)    : 0.000160598
variance of residuals (reduced chisquare) = WSSR/ndf   : 2.57918e-08

Final set of parameters            Asymptotic Standard Error
=======================            ==========================
a               = 0.130413         +/- 0.0007292    (0.5592%)
